
*** Running vivado
    with args -log design_1_graphics_controller_0_0.vds -m64 -product Vivado -mode batch -messageDb vivado.pb -notrace -source design_1_graphics_controller_0_0.tcl


****** Vivado v2019.1 (64-bit)
  **** SW Build 2552052 on Fri May 24 14:47:09 MDT 2019
  **** IP Build 2548770 on Fri May 24 18:01:18 MDT 2019
    ** Copyright 1986-2019 Xilinx, Inc. All Rights Reserved.

source design_1_graphics_controller_0_0.tcl -notrace
Command: synth_design -top design_1_graphics_controller_0_0 -part xc7z010clg400-1 -mode out_of_context
Starting synth_design
WARNING: [IP_Flow 19-3571] IP 'design_1_graphics_controller_0_0' is restricted:
* Module reference is stale and needs refreshing.
Attempting to get a license for feature 'Synthesis' and/or device 'xc7z010'
INFO: [Common 17-349] Got license for feature 'Synthesis' and/or device 'xc7z010'
INFO: [Device 21-403] Loading part xc7z010clg400-1
INFO: Launching helper process for spawning children vivado processes
INFO: Helper process launched with PID 1917 
---------------------------------------------------------------------------------
Starting RTL Elaboration : Time (s): cpu = 00:00:04 ; elapsed = 00:00:06 . Memory (MB): peak = 1671.781 ; gain = 152.719 ; free physical = 7873 ; free virtual = 11359
---------------------------------------------------------------------------------
INFO: [Synth 8-638] synthesizing module 'design_1_graphics_controller_0_0' [/home/ramsey/Documents/Github_Repos/FPGA_VGA/Vivado_Project/FPGA_VGA.srcs/sources_1/bd/design_1/ip/design_1_graphics_controller_0_0/synth/design_1_graphics_controller_0_0.vhd:68]
INFO: [Synth 8-3491] module 'graphics_controller' declared at '/home/ramsey/Documents/Github_Repos/FPGA_VGA/HDL/graphics_controller.vhd:5' bound to instance 'U0' of component 'graphics_controller' [/home/ramsey/Documents/Github_Repos/FPGA_VGA/Vivado_Project/FPGA_VGA.srcs/sources_1/bd/design_1/ip/design_1_graphics_controller_0_0/synth/design_1_graphics_controller_0_0.vhd:97]
INFO: [Synth 8-638] synthesizing module 'graphics_controller' [/home/ramsey/Documents/Github_Repos/FPGA_VGA/HDL/graphics_controller.vhd:20]
/tools/Xilinx/Vivado/2019.1/bin/rdiArgs.sh: line 267:  1843 Killed                  "$RDI_PROG" "$@"
Parent process (pid 1843) has died. This helper process will now exit
